c:\users\allen\desktop\c语言\vs2019\数据结构初阶\栈和队列\debug\vc142.pdb
c:\users\allen\desktop\c语言\vs2019\数据结构初阶\栈和队列\debug\vc142.idb
c:\users\allen\desktop\c语言\vs2019\数据结构初阶\栈和队列\debug\test.obj
c:\users\allen\desktop\c语言\vs2019\数据结构初阶\栈和队列\debug\stack.obj
c:\users\allen\desktop\c语言\vs2019\数据结构初阶\栈和队列\debug\栈和队列.exe
c:\users\allen\desktop\c语言\vs2019\数据结构初阶\栈和队列\debug\栈和队列.ilk
c:\users\allen\desktop\c语言\vs2019\数据结构初阶\栈和队列\debug\栈和队列.pdb
c:\users\allen\desktop\c语言\vs2019\数据结构初阶\栈\debug\stack.obj
c:\users\allen\desktop\c语言\vs2019\数据结构初阶\栈\debug\test.obj
c:\users\allen\desktop\c语言\vs2019\数据结构初阶\栈\debug\栈和队列.ilk
c:\users\allen\desktop\c语言\vs2019\数据结构初阶\栈\debug\vc142.idb
c:\users\allen\desktop\c语言\vs2019\数据结构初阶\栈\debug\vc142.pdb
c:\users\allen\desktop\c语言\vs2019\数据结构初阶\栈\debug\栈和队列.pdb
c:\users\allen\desktop\c语言\vs2019\数据结构初阶\栈\debug\栈和队列.exe
c:\users\allen\desktop\c语言\vs2019\数据结构初阶\栈\debug\栈和队列.tlog\cl.command.1.tlog
c:\users\allen\desktop\c语言\vs2019\数据结构初阶\栈\debug\栈和队列.tlog\cl.read.1.tlog
c:\users\allen\desktop\c语言\vs2019\数据结构初阶\栈\debug\栈和队列.tlog\cl.write.1.tlog
c:\users\allen\desktop\c语言\vs2019\数据结构初阶\栈\debug\栈和队列.tlog\link.command.1.tlog
c:\users\allen\desktop\c语言\vs2019\数据结构初阶\栈\debug\栈和队列.tlog\link.read.1.tlog
c:\users\allen\desktop\c语言\vs2019\数据结构初阶\栈\debug\栈和队列.tlog\link.write.1.tlog
